<?xml version="1.0" encoding="UTF-8"?>
<testng-results ignored="0" total="2" passed="2" failed="0" skipped="0">
  <reporter-output>
  </reporter-output>
  <suite started-at="2025-12-31T17:56:53 IST" name="Master Suite" finished-at="2025-12-31T17:57:09 IST" duration-ms="16575">
    <groups>
      <group name="Master">
        <method signature="TC001_AccountRegistrationTest.verify_account_registration()[pri:0, instance:tsetCases.TC001_AccountRegistrationTest@3f197a46]" name="verify_account_registration" class="tsetCases.TC001_AccountRegistrationTest"/>
        <method signature="TC002_LoginTest.verify_login()[pri:0, instance:tsetCases.TC002_LoginTest@50b472aa]" name="verify_login" class="tsetCases.TC002_LoginTest"/>
      </group> <!-- Master -->
      <group name="Sanity">
        <method signature="TC002_LoginTest.verify_login()[pri:0, instance:tsetCases.TC002_LoginTest@50b472aa]" name="verify_login" class="tsetCases.TC002_LoginTest"/>
      </group> <!-- Sanity -->
      <group name="Regression">
        <method signature="TC001_AccountRegistrationTest.verify_account_registration()[pri:0, instance:tsetCases.TC001_AccountRegistrationTest@3f197a46]" name="verify_account_registration" class="tsetCases.TC001_AccountRegistrationTest"/>
      </group> <!-- Regression -->
    </groups>
    <test started-at="2025-12-31T17:56:53 IST" name="Test" finished-at="2025-12-31T17:57:09 IST" duration-ms="16575">
      <class name="tsetCases.TC002_LoginTest">
        <test-method is-config="true" signature="setup(java.lang.String,java.lang.String)[pri:0, instance:tsetCases.TC002_LoginTest@50b472aa]" started-at="2025-12-31T17:57:03 IST" name="setup" finished-at="2025-12-31T17:57:07 IST" duration-ms="4298" status="PASS">
          <params>
            <param index="0">
              <value>
                <![CDATA[windows]]>
              </value>
            </param>
            <param index="1">
              <value>
                <![CDATA[chrome]]>
              </value>
            </param>
          </params>
          <reporter-output>
          </reporter-output>
        </test-method> <!-- setup -->
        <test-method signature="verify_login()[pri:0, instance:tsetCases.TC002_LoginTest@50b472aa]" started-at="2025-12-31T17:57:07 IST" name="verify_login" finished-at="2025-12-31T17:57:09 IST" duration-ms="1844" status="PASS">
          <reporter-output>
          </reporter-output>
        </test-method> <!-- verify_login -->
        <test-method is-config="true" signature="tearDown()[pri:0, instance:tsetCases.TC002_LoginTest@50b472aa]" started-at="2025-12-31T17:57:09 IST" name="tearDown" finished-at="2025-12-31T17:57:09 IST" duration-ms="176" status="PASS">
          <reporter-output>
          </reporter-output>
        </test-method> <!-- tearDown -->
      </class> <!-- tsetCases.TC002_LoginTest -->
      <class name="tsetCases.TC001_AccountRegistrationTest">
        <test-method is-config="true" signature="setup(java.lang.String,java.lang.String)[pri:0, instance:tsetCases.TC001_AccountRegistrationTest@3f197a46]" started-at="2025-12-31T17:56:53 IST" name="setup" finished-at="2025-12-31T17:56:58 IST" duration-ms="5462" status="PASS">
          <params>
            <param index="0">
              <value>
                <![CDATA[windows]]>
              </value>
            </param>
            <param index="1">
              <value>
                <![CDATA[chrome]]>
              </value>
            </param>
          </params>
          <reporter-output>
          </reporter-output>
        </test-method> <!-- setup -->
        <test-method signature="verify_account_registration()[pri:0, instance:tsetCases.TC001_AccountRegistrationTest@3f197a46]" started-at="2025-12-31T17:56:58 IST" name="verify_account_registration" finished-at="2025-12-31T17:57:03 IST" duration-ms="4190" status="PASS">
          <reporter-output>
          </reporter-output>
        </test-method> <!-- verify_account_registration -->
        <test-method is-config="true" signature="tearDown()[pri:0, instance:tsetCases.TC001_AccountRegistrationTest@3f197a46]" started-at="2025-12-31T17:57:03 IST" name="tearDown" finished-at="2025-12-31T17:57:03 IST" duration-ms="252" status="PASS">
          <reporter-output>
          </reporter-output>
        </test-method> <!-- tearDown -->
      </class> <!-- tsetCases.TC001_AccountRegistrationTest -->
    </test> <!-- Test -->
  </suite> <!-- Master Suite -->
</testng-results>
